<?xml version="1.0" encoding="UTF-8"?>
<!-- Generated by org.testng.reporters.JUnitReportReporter -->
<testsuite hostname="DESKTOP-I59386F" failures="0" tests="1" name="com.generic.Test.DemoDataTest" time="0.012" errors="0" timestamp="2022-08-04T13:32:03 IST" skipped="0">
  <testcase classname="com.generic.Test.DemoDataTest" name="getData" time="0.012"/>
  <system-out/>
</testsuite> <!-- com.generic.Test.DemoDataTest -->
